{"devicePlatform":"","logFolder":"E:\\xampp\\htdocs\\cgf\\rcredits-mobile\\test\\CG tests\\Reports\\CG Mobile Test\\20180304_143823","runData":{"hostName":"Someone - AaronEJs-Laptop","os":"Windows 10 64bit","katalonVersion":"5.3.1.1","browser":"Chrome 64.0.3282.186","hostAddress":"169.254.125.96","sessionId":"4cded7c921b8060073d98c19db1372b3","seleniumVersion":"3.7.1","proxyInformation":"ProxyInformation{proxyOption\u003dNO_PROXY, proxyServerType\u003dHTTP, password\u003d, proxyServerAddress\u003d, proxyServerPort\u003d0}","platform":"Windows 10"},"type":"TEST_SUITE","name":"CG Mobile Test","id":"Test Suites/CG Mobile Test","source":"","message":"Test Cases/Manager - Customer - Sale FAILED because (of) Unable to click on object \u0027Object Repository/Page_Scan Barcode/img_demoImages\u0027 (Root cause: org.openqa.selenium.WebDriverException: unknown error: Element \u003cimg src\u003d\"img/MariaManager.jpg\" title\u003d\"Demo User\" class\u003d\"demoImages\"\u003e is not clickable at point (631, 710). Other element would receive the click: \u003cdiv class\u003d\"click-block\"\u003e\u003c/div\u003e\n  (Session info: chrome\u003d64.0.3282.186)\n  (Driver info: chromedriver\u003d2.35.528161 (5b82f2d2aae0ca24b877009200ced9065a772e73),platform\u003dWindows NT 10.0.16299 x86_64) (WARNING: The server did not provide any stacktrace information)\nCommand duration or timeout: 0 milliseconds\nBuild info: version: \u00273.7.1\u0027, revision: \u00278a0099a\u0027, time: \u00272017-11-06T21:07:36.161Z\u0027\nSystem info: host: \u0027AARONEJS-LAPTOP\u0027, ip: \u0027169.254.125.96\u0027, os.name: \u0027Windows 10\u0027, os.arch: \u0027amd64\u0027, os.version: \u002710.0\u0027, java.version: \u00271.8.0_102\u0027\nDriver info: com.kms.katalon.selenium.driver.CChromeDriver\nCapabilities {acceptInsecureCerts: false, acceptSslCerts: false, applicationCacheEnabled: false, browserConnectionEnabled: false, browserName: chrome, chrome: {chromedriverVersion: 2.35.528161 (5b82f2d2aae0ca..., userDataDir: C:\\Users\\Someone\\AppData\\Lo...}, cssSelectorsEnabled: true, databaseEnabled: false, handlesAlerts: true, hasTouchScreen: false, javascriptEnabled: true, locationContextEnabled: true, mobileEmulationEnabled: false, nativeEvents: true, networkConnectionEnabled: false, pageLoadStrategy: normal, platform: XP, platformName: XP, rotatable: false, setWindowRect: true, takesHeapSnapshot: true, takesScreenshot: true, unexpectedAlertBehaviour: , unhandledPromptBehavior: , version: 64.0.3282.186, webStorageEnabled: true}\nSession ID: 4cded7c921b8060073d98c19db1372b3)","description":"","startTime":1520192319396,"endTime":1520192330253,"childRecords":[{"isOptional":false,"type":"TEST_CASE","name":"Test Cases/Manager - Customer - Sale","id":"Test Cases/Manager - Customer - Sale","source":"E:\\\\xampp\\\\htdocs\\\\cgf\\\\rcredits-mobile\\\\test\\\\CG tests\\\\Test Cases\\\\Manager - Customer - Sale.tc","message":"Test Cases/Manager - Customer - Sale FAILED because (of) Unable to click on object \u0027Object Repository/Page_Scan Barcode/img_demoImages\u0027 (Root cause: org.openqa.selenium.WebDriverException: unknown error: Element \u003cimg src\u003d\"img/MariaManager.jpg\" title\u003d\"Demo User\" class\u003d\"demoImages\"\u003e is not clickable at point (631, 710). Other element would receive the click: \u003cdiv class\u003d\"click-block\"\u003e\u003c/div\u003e\n  (Session info: chrome\u003d64.0.3282.186)\n  (Driver info: chromedriver\u003d2.35.528161 (5b82f2d2aae0ca24b877009200ced9065a772e73),platform\u003dWindows NT 10.0.16299 x86_64) (WARNING: The server did not provide any stacktrace information)\nCommand duration or timeout: 0 milliseconds\nBuild info: version: \u00273.7.1\u0027, revision: \u00278a0099a\u0027, time: \u00272017-11-06T21:07:36.161Z\u0027\nSystem info: host: \u0027AARONEJS-LAPTOP\u0027, ip: \u0027169.254.125.96\u0027, os.name: \u0027Windows 10\u0027, os.arch: \u0027amd64\u0027, os.version: \u002710.0\u0027, java.version: \u00271.8.0_102\u0027\nDriver info: com.kms.katalon.selenium.driver.CChromeDriver\nCapabilities {acceptInsecureCerts: false, acceptSslCerts: false, applicationCacheEnabled: false, browserConnectionEnabled: false, browserName: chrome, chrome: {chromedriverVersion: 2.35.528161 (5b82f2d2aae0ca..., userDataDir: C:\\Users\\Someone\\AppData\\Lo...}, cssSelectorsEnabled: true, databaseEnabled: false, handlesAlerts: true, hasTouchScreen: false, javascriptEnabled: true, locationContextEnabled: true, mobileEmulationEnabled: false, nativeEvents: true, networkConnectionEnabled: false, pageLoadStrategy: normal, platform: XP, platformName: XP, rotatable: false, setWindowRect: true, takesHeapSnapshot: true, takesScreenshot: true, unexpectedAlertBehaviour: , unhandledPromptBehavior: , version: 64.0.3282.186, webStorageEnabled: true}\nSession ID: 4cded7c921b8060073d98c19db1372b3)","description":"","startTime":1520192320042,"endTime":1520192329525,"childRecords":[{"testStatus":{"stackTrace":"","statusValue":"INFO"},"type":"MESSAGE","name":"","message":"Evaluating variables for test case","startTime":1520192320063,"endTime":0,"childRecords":[],"interuppted":false},{"index":1,"isIgnoredIfFailed":false,"type":"TEST_STEP","name":"openBrowser","message":"Browser is opened with url: \u0027\u0027","description":"","startTime":1520192320340,"endTime":1520192327174,"childRecords":[{"testStatus":{"stackTrace":"","statusValue":"PASSED"},"type":"MESSAGE","name":"","message":"Browser is opened with url: \u0027\u0027","startTime":1520192327173,"endTime":0,"childRecords":[],"interuppted":false}],"interuppted":false},{"index":2,"isIgnoredIfFailed":false,"type":"TEST_STEP","name":"navigateToUrl","message":"Navigate to \u0027http://127.0.0.1:8100/#/app/login\u0027 successfully","description":"","startTime":1520192327174,"endTime":1520192328163,"childRecords":[{"testStatus":{"stackTrace":"","statusValue":"PASSED"},"type":"MESSAGE","name":"","message":"Navigate to \u0027http://127.0.0.1:8100/#/app/login\u0027 successfully","startTime":1520192328162,"endTime":0,"childRecords":[],"interuppted":false}],"interuppted":false},{"index":3,"isIgnoredIfFailed":false,"type":"TEST_STEP","name":"click","message":"Object: \u0027Object Repository/Page_Log In/ion-content_Scan to sign in\u0027 is clicked on","description":"","startTime":1520192328164,"endTime":1520192328428,"childRecords":[{"testStatus":{"stackTrace":"","statusValue":"PASSED"},"type":"MESSAGE","name":"","message":"Object: \u0027Object Repository/Page_Log In/ion-content_Scan to sign in\u0027 is clicked on","startTime":1520192328427,"endTime":0,"childRecords":[],"interuppted":false}],"interuppted":false},{"index":4,"isIgnoredIfFailed":false,"type":"TEST_STEP","name":"click","message":"Object: \u0027Object Repository/Page_Log In/ion-content_Scan to sign in\u0027 is clicked on","description":"","startTime":1520192328428,"endTime":1520192328468,"childRecords":[{"testStatus":{"stackTrace":"","statusValue":"PASSED"},"type":"MESSAGE","name":"","message":"Object: \u0027Object Repository/Page_Log In/ion-content_Scan to sign in\u0027 is clicked on","startTime":1520192328468,"endTime":0,"childRecords":[],"interuppted":false}],"interuppted":false},{"index":5,"isIgnoredIfFailed":false,"type":"TEST_STEP","name":"click","message":"Object: \u0027Object Repository/Page_Log In/button_Scan to sign in\u0027 is clicked on","description":"","startTime":1520192328469,"endTime":1520192328810,"childRecords":[{"testStatus":{"stackTrace":"","statusValue":"PASSED"},"type":"MESSAGE","name":"","message":"Object: \u0027Object Repository/Page_Log In/button_Scan to sign in\u0027 is clicked on","startTime":1520192328809,"endTime":0,"childRecords":[],"interuppted":false}],"interuppted":false},{"attachment":"1520192329000.png","index":6,"isIgnoredIfFailed":false,"type":"TEST_STEP","name":"click","message":"Unable to click on object \u0027Object Repository/Page_Scan Barcode/img_demoImages\u0027 (Root cause: org.openqa.selenium.WebDriverException: unknown error: Element \u003cimg src\u003d\"img/MariaManager.jpg\" title\u003d\"Demo User\" class\u003d\"demoImages\"\u003e is not clickable at point (631, 710). Other element would receive the click: \u003cdiv class\u003d\"click-block\"\u003e\u003c/div\u003e\n  (Session info: chrome\u003d64.0.3282.186)\n  (Driver info: chromedriver\u003d2.35.528161 (5b82f2d2aae0ca24b877009200ced9065a772e73),platform\u003dWindows NT 10.0.16299 x86_64) (WARNING: The server did not provide any stacktrace information)\nCommand duration or timeout: 0 milliseconds\nBuild info: version: \u00273.7.1\u0027, revision: \u00278a0099a\u0027, time: \u00272017-11-06T21:07:36.161Z\u0027\nSystem info: host: \u0027AARONEJS-LAPTOP\u0027, ip: \u0027169.254.125.96\u0027, os.name: \u0027Windows 10\u0027, os.arch: \u0027amd64\u0027, os.version: \u002710.0\u0027, java.version: \u00271.8.0_102\u0027\nDriver info: com.kms.katalon.selenium.driver.CChromeDriver\nCapabilities {acceptInsecureCerts: false, acceptSslCerts: false, applicationCacheEnabled: false, browserConnectionEnabled: false, browserName: chrome, chrome: {chromedriverVersion: 2.35.528161 (5b82f2d2aae0ca..., userDataDir: C:\\Users\\Someone\\AppData\\Lo...}, cssSelectorsEnabled: true, databaseEnabled: false, handlesAlerts: true, hasTouchScreen: false, javascriptEnabled: true, locationContextEnabled: true, mobileEmulationEnabled: false, nativeEvents: true, networkConnectionEnabled: false, pageLoadStrategy: normal, platform: XP, platformName: XP, rotatable: false, setWindowRect: true, takesHeapSnapshot: true, takesScreenshot: true, unexpectedAlertBehaviour: , unhandledPromptBehavior: , version: 64.0.3282.186, webStorageEnabled: true}\nSession ID: 4cded7c921b8060073d98c19db1372b3)","description":"","startTime":1520192328810,"endTime":1520192329522,"childRecords":[{"testStatus":{"stackTrace":"","statusValue":"FAILED"},"attachment":"1520192329000.png","type":"MESSAGE","name":"","message":"Unable to click on object \u0027Object Repository/Page_Scan Barcode/img_demoImages\u0027 (Root cause: org.openqa.selenium.WebDriverException: unknown error: Element \u003cimg src\u003d\"img/MariaManager.jpg\" title\u003d\"Demo User\" class\u003d\"demoImages\"\u003e is not clickable at point (631, 710). Other element would receive the click: \u003cdiv class\u003d\"click-block\"\u003e\u003c/div\u003e\n  (Session info: chrome\u003d64.0.3282.186)\n  (Driver info: chromedriver\u003d2.35.528161 (5b82f2d2aae0ca24b877009200ced9065a772e73),platform\u003dWindows NT 10.0.16299 x86_64) (WARNING: The server did not provide any stacktrace information)\nCommand duration or timeout: 0 milliseconds\nBuild info: version: \u00273.7.1\u0027, revision: \u00278a0099a\u0027, time: \u00272017-11-06T21:07:36.161Z\u0027\nSystem info: host: \u0027AARONEJS-LAPTOP\u0027, ip: \u0027169.254.125.96\u0027, os.name: \u0027Windows 10\u0027, os.arch: \u0027amd64\u0027, os.version: \u002710.0\u0027, java.version: \u00271.8.0_102\u0027\nDriver info: com.kms.katalon.selenium.driver.CChromeDriver\nCapabilities {acceptInsecureCerts: false, acceptSslCerts: false, applicationCacheEnabled: false, browserConnectionEnabled: false, browserName: chrome, chrome: {chromedriverVersion: 2.35.528161 (5b82f2d2aae0ca..., userDataDir: C:\\Users\\Someone\\AppData\\Lo...}, cssSelectorsEnabled: true, databaseEnabled: false, handlesAlerts: true, hasTouchScreen: false, javascriptEnabled: true, locationContextEnabled: true, mobileEmulationEnabled: false, nativeEvents: true, networkConnectionEnabled: false, pageLoadStrategy: normal, platform: XP, platformName: XP, rotatable: false, setWindowRect: true, takesHeapSnapshot: true, takesScreenshot: true, unexpectedAlertBehaviour: , unhandledPromptBehavior: , version: 64.0.3282.186, webStorageEnabled: true}\nSession ID: 4cded7c921b8060073d98c19db1372b3)","startTime":1520192329520,"endTime":0,"childRecords":[],"interuppted":false}],"interuppted":false},{"testStatus":{"stackTrace":"","statusValue":"FAILED"},"type":"MESSAGE","name":"","message":"Test Cases/Manager - Customer - Sale FAILED because (of) Unable to click on object \u0027Object Repository/Page_Scan Barcode/img_demoImages\u0027 (Root cause: org.openqa.selenium.WebDriverException: unknown error: Element \u003cimg src\u003d\"img/MariaManager.jpg\" title\u003d\"Demo User\" class\u003d\"demoImages\"\u003e is not clickable at point (631, 710). Other element would receive the click: \u003cdiv class\u003d\"click-block\"\u003e\u003c/div\u003e\n  (Session info: chrome\u003d64.0.3282.186)\n  (Driver info: chromedriver\u003d2.35.528161 (5b82f2d2aae0ca24b877009200ced9065a772e73),platform\u003dWindows NT 10.0.16299 x86_64) (WARNING: The server did not provide any stacktrace information)\nCommand duration or timeout: 0 milliseconds\nBuild info: version: \u00273.7.1\u0027, revision: \u00278a0099a\u0027, time: \u00272017-11-06T21:07:36.161Z\u0027\nSystem info: host: \u0027AARONEJS-LAPTOP\u0027, ip: \u0027169.254.125.96\u0027, os.name: \u0027Windows 10\u0027, os.arch: \u0027amd64\u0027, os.version: \u002710.0\u0027, java.version: \u00271.8.0_102\u0027\nDriver info: com.kms.katalon.selenium.driver.CChromeDriver\nCapabilities {acceptInsecureCerts: false, acceptSslCerts: false, applicationCacheEnabled: false, browserConnectionEnabled: false, browserName: chrome, chrome: {chromedriverVersion: 2.35.528161 (5b82f2d2aae0ca..., userDataDir: C:\\Users\\Someone\\AppData\\Lo...}, cssSelectorsEnabled: true, databaseEnabled: false, handlesAlerts: true, hasTouchScreen: false, javascriptEnabled: true, locationContextEnabled: true, mobileEmulationEnabled: false, nativeEvents: true, networkConnectionEnabled: false, pageLoadStrategy: normal, platform: XP, platformName: XP, rotatable: false, setWindowRect: true, takesHeapSnapshot: true, takesScreenshot: true, unexpectedAlertBehaviour: , unhandledPromptBehavior: , version: 64.0.3282.186, webStorageEnabled: true}\nSession ID: 4cded7c921b8060073d98c19db1372b3)","startTime":1520192329523,"endTime":0,"childRecords":[],"interuppted":false}],"interuppted":false}],"interuppted":false}