<?xml version="1.0" encoding="UTF-8"?>
<testsuites name="CG Mobile Test" time="9" tests="0" failures="1" errors="0">
   <testsuite name="CG Mobile Test" tests="0" failures="1" errors="0" time="9" timestamp="2018-03-03 20:16:05" hostname="Someone - AaronEJs-Laptop" id="Test Suites/CG Mobile Test">
      <properties>
         <property name="deviceName" value=""/>
         <property name="devicePlatform" value=""/>
         <property name="logFolder" value="E:\\xampp\\htdocs\\cgf\\rcredits-mobile\\test\\CG tests\\Reports\\CG Mobile Test\\20180303_201554"/>
         <property name="logFiles" value="E:\\xampp\\htdocs\\cgf\\rcredits-mobile\\test\\CG tests\\Reports\\CG Mobile Test\\20180303_201554\\execution0.log"/>
         <property name="attachments" value="E:\\xampp\\htdocs\\cgf\\rcredits-mobile\\test\\CG tests\\Reports\\CG Mobile Test\\20180303_201554\\1520126173157.png"/>
         <property name="hostName" value="Someone - AaronEJs-Laptop"/>
         <property name="os" value="Windows 10 64bit"/>
         <property name="katalonVersion" value="5.3.1.1"/>
         <property name="browser" value="Chrome 64.0.3282.186"/>
         <property name="hostAddress" value="169.254.125.96"/>
         <property name="sessionId" value="7f1780452a124a7c5176239b9ca807b3"/>
         <property name="seleniumVersion" value="3.7.1"/>
         <property name="proxyInformation" value="ProxyInformation{proxyOption=NO_PROXY, proxyServerType=HTTP, password=, proxyServerAddress=, proxyServerPort=0}"/>
         <property name="platform" value="Windows 10"/>
      </properties>
      <testcase name="Test Cases/Manager - Customer - Sale" classname="Test Cases/Manager - Customer - Sale" status="FAILED">
         <failure type="FAILED" message="Unable to click on object 'Object Repository/Page_Scan Barcode/img_demoImages' (Root cause: org.openqa.selenium.WebDriverException: unknown error: Element &lt;img src=&quot;img/MariaManager.jpg&quot; title=&quot;Demo User&quot; class=&quot;demoImages&quot;> is not clickable at point (631, 710). Other element would receive the click: &lt;div class=&quot;click-block&quot;>&lt;/div>
  (Session info: chrome=64.0.3282.186)
  (Driver info: chromedriver=2.35.528161 (5b82f2d2aae0ca24b877009200ced9065a772e73),platform=Windows NT 10.0.16299 x86_64) (WARNING: The server did not provide any stacktrace information)
Command duration or timeout: 0 milliseconds
Build info: version: '3.7.1', revision: '8a0099a', time: '2017-11-06T21:07:36.161Z'
System info: host: 'AARONEJS-LAPTOP', ip: '169.254.125.96', os.name: 'Windows 10', os.arch: 'amd64', os.version: '10.0', java.version: '1.8.0_102'
Driver info: com.kms.katalon.selenium.driver.CChromeDriver
Capabilities {acceptInsecureCerts: false, acceptSslCerts: false, applicationCacheEnabled: false, browserConnectionEnabled: false, browserName: chrome, chrome: {chromedriverVersion: 2.35.528161 (5b82f2d2aae0ca..., userDataDir: C:\Users\Someone\AppData\Lo...}, cssSelectorsEnabled: true, databaseEnabled: false, handlesAlerts: true, hasTouchScreen: false, javascriptEnabled: true, locationContextEnabled: true, mobileEmulationEnabled: false, nativeEvents: true, networkConnectionEnabled: false, pageLoadStrategy: normal, platform: XP, platformName: XP, rotatable: false, setWindowRect: true, takesHeapSnapshot: true, takesScreenshot: true, unexpectedAlertBehaviour: , unhandledPromptBehavior: , version: 64.0.3282.186, webStorageEnabled: true}
Session ID: 7f1780452a124a7c5176239b9ca807b3)"/>
         <system-out><![CDATA[2018-03-03 20:16:06 - [TEST_CASE][FAILED] - Test Cases/Manager - Customer - Sale: Test Cases/Manager - Customer - Sale FAILED because (of) Unable to click on object 'Object Repository/Page_Scan Barcode/img_demoImages' (Root cause: org.openqa.selenium.WebDriverException: unknown error: Element <img src="img/MariaManager.jpg" title="Demo User" class="demoImages"> is not clickable at point (631, 710). Other element would receive the click: <div class="click-block"></div>
  (Session info: chrome=64.0.3282.186)
  (Driver info: chromedriver=2.35.528161 (5b82f2d2aae0ca24b877009200ced9065a772e73),platform=Windows NT 10.0.16299 x86_64) (WARNING: The server did not provide any stacktrace information)
Command duration or timeout: 0 milliseconds
Build info: version: '3.7.1', revision: '8a0099a', time: '2017-11-06T21:07:36.161Z'
System info: host: 'AARONEJS-LAPTOP', ip: '169.254.125.96', os.name: 'Windows 10', os.arch: 'amd64', os.version: '10.0', java.version: '1.8.0_102'
Driver info: com.kms.katalon.selenium.driver.CChromeDriver
Capabilities {acceptInsecureCerts: false, acceptSslCerts: false, applicationCacheEnabled: false, browserConnectionEnabled: false, browserName: chrome, chrome: {chromedriverVersion: 2.35.528161 (5b82f2d2aae0ca..., userDataDir: C:\Users\Someone\AppData\Lo...}, cssSelectorsEnabled: true, databaseEnabled: false, handlesAlerts: true, hasTouchScreen: false, javascriptEnabled: true, locationContextEnabled: true, mobileEmulationEnabled: false, nativeEvents: true, networkConnectionEnabled: false, pageLoadStrategy: normal, platform: XP, platformName: XP, rotatable: false, setWindowRect: true, takesHeapSnapshot: true, takesScreenshot: true, unexpectedAlertBehaviour: , unhandledPromptBehavior: , version: 64.0.3282.186, webStorageEnabled: true}
Session ID: 7f1780452a124a7c5176239b9ca807b3)

2018-03-03 20:16:06 - [TEST_STEP][PASSED] - openBrowser: Browser is opened with url: ''

2018-03-03 20:16:10 - [MESSAGE][PASSED] - Browser is opened with url: ''

2018-03-03 20:16:10 - [TEST_STEP][PASSED] - navigateToUrl: Navigate to 'http://127.0.0.1:8100/#/app/login' successfully

2018-03-03 20:16:11 - [MESSAGE][PASSED] - Navigate to 'http://127.0.0.1:8100/#/app/login' successfully

2018-03-03 20:16:12 - [TEST_STEP][PASSED] - click: Object: 'Object Repository/Page_Log In/ion-content_Scan to sign in' is clicked on

2018-03-03 20:16:12 - [MESSAGE][PASSED] - Object: 'Object Repository/Page_Log In/ion-content_Scan to sign in' is clicked on

2018-03-03 20:16:12 - [TEST_STEP][PASSED] - click: Object: 'Object Repository/Page_Log In/ion-content_Scan to sign in' is clicked on

2018-03-03 20:16:12 - [MESSAGE][PASSED] - Object: 'Object Repository/Page_Log In/ion-content_Scan to sign in' is clicked on

2018-03-03 20:16:12 - [TEST_STEP][PASSED] - click: Object: 'Object Repository/Page_Log In/button_Scan to sign in' is clicked on

2018-03-03 20:16:12 - [MESSAGE][PASSED] - Object: 'Object Repository/Page_Log In/button_Scan to sign in' is clicked on

2018-03-03 20:16:12 - [TEST_STEP][FAILED] - click: Unable to click on object 'Object Repository/Page_Scan Barcode/img_demoImages' (Root cause: org.openqa.selenium.WebDriverException: unknown error: Element <img src="img/MariaManager.jpg" title="Demo User" class="demoImages"> is not clickable at point (631, 710). Other element would receive the click: <div class="click-block"></div>
  (Session info: chrome=64.0.3282.186)
  (Driver info: chromedriver=2.35.528161 (5b82f2d2aae0ca24b877009200ced9065a772e73),platform=Windows NT 10.0.16299 x86_64) (WARNING: The server did not provide any stacktrace information)
Command duration or timeout: 0 milliseconds
Build info: version: '3.7.1', revision: '8a0099a', time: '2017-11-06T21:07:36.161Z'
System info: host: 'AARONEJS-LAPTOP', ip: '169.254.125.96', os.name: 'Windows 10', os.arch: 'amd64', os.version: '10.0', java.version: '1.8.0_102'
Driver info: com.kms.katalon.selenium.driver.CChromeDriver
Capabilities {acceptInsecureCerts: false, acceptSslCerts: false, applicationCacheEnabled: false, browserConnectionEnabled: false, browserName: chrome, chrome: {chromedriverVersion: 2.35.528161 (5b82f2d2aae0ca..., userDataDir: C:\Users\Someone\AppData\Lo...}, cssSelectorsEnabled: true, databaseEnabled: false, handlesAlerts: true, hasTouchScreen: false, javascriptEnabled: true, locationContextEnabled: true, mobileEmulationEnabled: false, nativeEvents: true, networkConnectionEnabled: false, pageLoadStrategy: normal, platform: XP, platformName: XP, rotatable: false, setWindowRect: true, takesHeapSnapshot: true, takesScreenshot: true, unexpectedAlertBehaviour: , unhandledPromptBehavior: , version: 64.0.3282.186, webStorageEnabled: true}
Session ID: 7f1780452a124a7c5176239b9ca807b3)

2018-03-03 20:16:13 - [MESSAGE][FAILED] - Unable to click on object 'Object Repository/Page_Scan Barcode/img_demoImages' (Root cause: org.openqa.selenium.WebDriverException: unknown error: Element <img src="img/MariaManager.jpg" title="Demo User" class="demoImages"> is not clickable at point (631, 710). Other element would receive the click: <div class="click-block"></div>
  (Session info: chrome=64.0.3282.186)
  (Driver info: chromedriver=2.35.528161 (5b82f2d2aae0ca24b877009200ced9065a772e73),platform=Windows NT 10.0.16299 x86_64) (WARNING: The server did not provide any stacktrace information)
Command duration or timeout: 0 milliseconds
Build info: version: '3.7.1', revision: '8a0099a', time: '2017-11-06T21:07:36.161Z'
System info: host: 'AARONEJS-LAPTOP', ip: '169.254.125.96', os.name: 'Windows 10', os.arch: 'amd64', os.version: '10.0', java.version: '1.8.0_102'
Driver info: com.kms.katalon.selenium.driver.CChromeDriver
Capabilities {acceptInsecureCerts: false, acceptSslCerts: false, applicationCacheEnabled: false, browserConnectionEnabled: false, browserName: chrome, chrome: {chromedriverVersion: 2.35.528161 (5b82f2d2aae0ca..., userDataDir: C:\Users\Someone\AppData\Lo...}, cssSelectorsEnabled: true, databaseEnabled: false, handlesAlerts: true, hasTouchScreen: false, javascriptEnabled: true, locationContextEnabled: true, mobileEmulationEnabled: false, nativeEvents: true, networkConnectionEnabled: false, pageLoadStrategy: normal, platform: XP, platformName: XP, rotatable: false, setWindowRect: true, takesHeapSnapshot: true, takesScreenshot: true, unexpectedAlertBehaviour: , unhandledPromptBehavior: , version: 64.0.3282.186, webStorageEnabled: true}
Session ID: 7f1780452a124a7c5176239b9ca807b3)
[[ATTACHMENT|E:\\xampp\\htdocs\\cgf\\rcredits-mobile\\test\\CG tests\\Reports\\CG Mobile Test\\20180303_201554\\1520126173157.png]]]]></system-out>
         <system-err><![CDATA[2018-03-03 20:16:06 - [TEST_CASE][FAILED] - Test Cases/Manager - Customer - Sale: Test Cases/Manager - Customer - Sale FAILED because (of) Unable to click on object 'Object Repository/Page_Scan Barcode/img_demoImages' (Root cause: org.openqa.selenium.WebDriverException: unknown error: Element <img src="img/MariaManager.jpg" title="Demo User" class="demoImages"> is not clickable at point (631, 710). Other element would receive the click: <div class="click-block"></div>
  (Session info: chrome=64.0.3282.186)
  (Driver info: chromedriver=2.35.528161 (5b82f2d2aae0ca24b877009200ced9065a772e73),platform=Windows NT 10.0.16299 x86_64) (WARNING: The server did not provide any stacktrace information)
Command duration or timeout: 0 milliseconds
Build info: version: '3.7.1', revision: '8a0099a', time: '2017-11-06T21:07:36.161Z'
System info: host: 'AARONEJS-LAPTOP', ip: '169.254.125.96', os.name: 'Windows 10', os.arch: 'amd64', os.version: '10.0', java.version: '1.8.0_102'
Driver info: com.kms.katalon.selenium.driver.CChromeDriver
Capabilities {acceptInsecureCerts: false, acceptSslCerts: false, applicationCacheEnabled: false, browserConnectionEnabled: false, browserName: chrome, chrome: {chromedriverVersion: 2.35.528161 (5b82f2d2aae0ca..., userDataDir: C:\Users\Someone\AppData\Lo...}, cssSelectorsEnabled: true, databaseEnabled: false, handlesAlerts: true, hasTouchScreen: false, javascriptEnabled: true, locationContextEnabled: true, mobileEmulationEnabled: false, nativeEvents: true, networkConnectionEnabled: false, pageLoadStrategy: normal, platform: XP, platformName: XP, rotatable: false, setWindowRect: true, takesHeapSnapshot: true, takesScreenshot: true, unexpectedAlertBehaviour: , unhandledPromptBehavior: , version: 64.0.3282.186, webStorageEnabled: true}
Session ID: 7f1780452a124a7c5176239b9ca807b3)]]></system-err>
      </testcase>
      <system-out><![CDATA[2018-03-03 20:16:05 - [TEST_SUITE][FAILED] - CG Mobile Test: Test Cases/Manager - Customer - Sale FAILED because (of) Unable to click on object 'Object Repository/Page_Scan Barcode/img_demoImages' (Root cause: org.openqa.selenium.WebDriverException: unknown error: Element <img src="img/MariaManager.jpg" title="Demo User" class="demoImages"> is not clickable at point (631, 710). Other element would receive the click: <div class="click-block"></div>
  (Session info: chrome=64.0.3282.186)
  (Driver info: chromedriver=2.35.528161 (5b82f2d2aae0ca24b877009200ced9065a772e73),platform=Windows NT 10.0.16299 x86_64) (WARNING: The server did not provide any stacktrace information)
Command duration or timeout: 0 milliseconds
Build info: version: '3.7.1', revision: '8a0099a', time: '2017-11-06T21:07:36.161Z'
System info: host: 'AARONEJS-LAPTOP', ip: '169.254.125.96', os.name: 'Windows 10', os.arch: 'amd64', os.version: '10.0', java.version: '1.8.0_102'
Driver info: com.kms.katalon.selenium.driver.CChromeDriver
Capabilities {acceptInsecureCerts: false, acceptSslCerts: false, applicationCacheEnabled: false, browserConnectionEnabled: false, browserName: chrome, chrome: {chromedriverVersion: 2.35.528161 (5b82f2d2aae0ca..., userDataDir: C:\Users\Someone\AppData\Lo...}, cssSelectorsEnabled: true, databaseEnabled: false, handlesAlerts: true, hasTouchScreen: false, javascriptEnabled: true, locationContextEnabled: true, mobileEmulationEnabled: false, nativeEvents: true, networkConnectionEnabled: false, pageLoadStrategy: normal, platform: XP, platformName: XP, rotatable: false, setWindowRect: true, takesHeapSnapshot: true, takesScreenshot: true, unexpectedAlertBehaviour: , unhandledPromptBehavior: , version: 64.0.3282.186, webStorageEnabled: true}
Session ID: 7f1780452a124a7c5176239b9ca807b3)]]></system-out>
      <system-err><![CDATA[2018-03-03 20:16:05 - [TEST_SUITE][FAILED] - CG Mobile Test: Test Cases/Manager - Customer - Sale FAILED because (of) Unable to click on object 'Object Repository/Page_Scan Barcode/img_demoImages' (Root cause: org.openqa.selenium.WebDriverException: unknown error: Element <img src="img/MariaManager.jpg" title="Demo User" class="demoImages"> is not clickable at point (631, 710). Other element would receive the click: <div class="click-block"></div>
  (Session info: chrome=64.0.3282.186)
  (Driver info: chromedriver=2.35.528161 (5b82f2d2aae0ca24b877009200ced9065a772e73),platform=Windows NT 10.0.16299 x86_64) (WARNING: The server did not provide any stacktrace information)
Command duration or timeout: 0 milliseconds
Build info: version: '3.7.1', revision: '8a0099a', time: '2017-11-06T21:07:36.161Z'
System info: host: 'AARONEJS-LAPTOP', ip: '169.254.125.96', os.name: 'Windows 10', os.arch: 'amd64', os.version: '10.0', java.version: '1.8.0_102'
Driver info: com.kms.katalon.selenium.driver.CChromeDriver
Capabilities {acceptInsecureCerts: false, acceptSslCerts: false, applicationCacheEnabled: false, browserConnectionEnabled: false, browserName: chrome, chrome: {chromedriverVersion: 2.35.528161 (5b82f2d2aae0ca..., userDataDir: C:\Users\Someone\AppData\Lo...}, cssSelectorsEnabled: true, databaseEnabled: false, handlesAlerts: true, hasTouchScreen: false, javascriptEnabled: true, locationContextEnabled: true, mobileEmulationEnabled: false, nativeEvents: true, networkConnectionEnabled: false, pageLoadStrategy: normal, platform: XP, platformName: XP, rotatable: false, setWindowRect: true, takesHeapSnapshot: true, takesScreenshot: true, unexpectedAlertBehaviour: , unhandledPromptBehavior: , version: 64.0.3282.186, webStorageEnabled: true}
Session ID: 7f1780452a124a7c5176239b9ca807b3)]]></system-err>
   </testsuite>
</testsuites>
